<?xml version="1.0" encoding="utf-8"?><testsuites><testsuite errors="0" failures="0" hostname="Maxs-MacBook-Pro.local" name="pytest" skipped="0" tests="3" time="7.553" timestamp="2020-04-29T16:26:59.656933"><testcase classname="ray.tests.test_mini" file="ray/tests/test_mini.py" line="5" name="test_basic_task_api" time="3.733"><system-err>2020-04-29 16:26:59,692	INFO resource_spec.py:212 -- Starting Ray with 8.64 GiB memory available for workers and up to 0.15 GiB for objects. You can adjust these settings with ray.init(memory=&lt;bytes&gt;, object_store_memory=&lt;bytes&gt;).
2020-04-29 16:27:00,804	INFO services.py:563 -- Failed to connect to the redis server, retrying.
2020-04-29 16:27:00,948	INFO services.py:1170 -- View the Ray dashboard at #x1B[1m#x1B[32mlocalhost:8265#x1B[39m#x1B[22m
</system-err></testcase><testcase classname="ray.tests.test_mini" file="ray/tests/test_mini.py" line="38" name="test_put_api" time="2.404"><system-err>2020-04-29 16:27:03,427	INFO resource_spec.py:212 -- Starting Ray with 8.69 GiB memory available for workers and up to 0.15 GiB for objects. You can adjust these settings with ray.init(memory=&lt;bytes&gt;, object_store_memory=&lt;bytes&gt;).
2020-04-29 16:27:03,671	INFO services.py:1170 -- View the Ray dashboard at #x1B[1m#x1B[32mlocalhost:8265#x1B[39m#x1B[22m
</system-err></testcase><testcase classname="ray.tests.test_mini" file="ray/tests/test_mini.py" line="49" name="test_actor_api" time="1.382"><system-err>2020-04-29 16:27:05,832	INFO resource_spec.py:212 -- Starting Ray with 8.64 GiB memory available for workers and up to 0.15 GiB for objects. You can adjust these settings with ray.init(memory=&lt;bytes&gt;, object_store_memory=&lt;bytes&gt;).
2020-04-29 16:27:06,077	INFO services.py:1170 -- View the Ray dashboard at #x1B[1m#x1B[32mlocalhost:8265#x1B[39m#x1B[22m
</system-err></testcase></testsuite></testsuites>